<?xml version="1.0" encoding="UTF-8"?>
<testsuite xmlns:xsi="http://www.w3.org/2001/XMLSchema-instance" xsi:noNamespaceSchemaLocation="https://maven.apache.org/surefire/maven-surefire-plugin/xsd/surefire-test-report.xsd" name="repository.AuthorRepositoryTest" time="0.086" tests="5" errors="0" skipped="0" failures="0">
  <properties>
[...]
</properties>
  <testcase name="Should_GetAllAuthors" classname="repository.AuthorRepositoryTest" time="0.043"/>
  <testcase name="Should_CreateAuthorWithCorrectInput" classname="repository.AuthorRepositoryTest" time="0.002"/>
  <testcase name="Should_throwIllegalArgumentExceptionWhenGettingAuthorWhichNotExist" classname="repository.AuthorRepositoryTest" time="0.004"/>
  <testcase name="Should_deleteAuthorWithCorrectInput" classname="repository.AuthorRepositoryTest" time="0.011"/>
  <testcase name="Should_getAuthorByIdWithProperInput" classname="repository.AuthorRepositoryTest" time="0.001"/>
</testsuite>